<?xml version="1.0" encoding="UTF-8"?>
<!-- Generated by org.testng.reporters.JUnitXMLReporter -->
<testsuite ignored="0" hostname="DESKTOP-63B18AU" failures="0" tests="3" name="Command line test" time="185.975" errors="0" timestamp="2022-12-08T04:54:53 GMT-08:00">
  <testcase classname="KongaWebSigninTest" name="positiveSignup" time="23.912"/>
  <testcase classname="KongaWebSigninTest" name="logoutSuccessfully" time="20.8"/>
  <testcase classname="KongaWebSigninTest" name="negativeUsernameSignin" time="13.446"/>
</testsuite> <!-- Command line test -->
