<?xml version="1.0" encoding="UTF-8"?>
<testng-results ignored="0" total="3" passed="3" failed="0" skipped="0">
  <reporter-output>
  </reporter-output>
  <suite started-at="2022-12-08T04:51:47 GMT-08:00" name="KongaWebSigninTest" finished-at="2022-12-08T04:54:53 GMT-08:00" duration-ms="185975">
    <groups>
    </groups>
    <test started-at="2022-12-08T04:51:47 GMT-08:00" name="Command line test" finished-at="2022-12-08T04:54:53 GMT-08:00" duration-ms="185975">
      <class name="KongaWebSigninTest">
        <test-method is-config="true" signature="setUp()[pri:0, instance:KongaWebSigninTest@418c5a9c]" started-at="2022-12-08T04:51:47 GMT-08:00" name="setUp" finished-at="2022-12-08T04:53:37 GMT-08:00" duration-ms="110275" status="PASS">
          <reporter-output>
          </reporter-output>
        </test-method> <!-- setUp -->
        <test-method signature="positiveSignup()[pri:0, instance:KongaWebSigninTest@418c5a9c]" started-at="2022-12-08T04:53:39 GMT-08:00" name="positiveSignup" finished-at="2022-12-08T04:54:03 GMT-08:00" duration-ms="23912" status="PASS">
          <reporter-output>
          </reporter-output>
        </test-method> <!-- positiveSignup -->
        <test-method signature="logoutSuccessfully()[pri:1, instance:KongaWebSigninTest@418c5a9c]" started-at="2022-12-08T04:54:06 GMT-08:00" name="logoutSuccessfully" finished-at="2022-12-08T04:54:27 GMT-08:00" duration-ms="20800" status="PASS">
          <reporter-output>
          </reporter-output>
        </test-method> <!-- logoutSuccessfully -->
        <test-method signature="negativeUsernameSignin()[pri:2, instance:KongaWebSigninTest@418c5a9c]" started-at="2022-12-08T04:54:27 GMT-08:00" name="negativeUsernameSignin" finished-at="2022-12-08T04:54:41 GMT-08:00" duration-ms="13446" status="PASS">
          <reporter-output>
          </reporter-output>
        </test-method> <!-- negativeUsernameSignin -->
        <test-method is-config="true" signature="closeBrowser()[pri:0, instance:KongaWebSigninTest@418c5a9c]" started-at="2022-12-08T04:54:41 GMT-08:00" name="closeBrowser" finished-at="2022-12-08T04:54:53 GMT-08:00" duration-ms="11920" status="PASS">
          <reporter-output>
          </reporter-output>
        </test-method> <!-- closeBrowser -->
      </class> <!-- KongaWebSigninTest -->
    </test> <!-- Command line test -->
  </suite> <!-- KongaWebSigninTest -->
</testng-results>
